\BOOKMARK [0][-]{section*.2}{\376\377\000H\000a\000l\000a\000m\000a\000n\000\040\000J\000u\000d\000u\000l}{}% 1
\BOOKMARK [0][-]{section*.4}{\376\377\000H\000a\000l\000a\000m\000a\000n\000\040\000O\000r\000i\000s\000i\000n\000a\000l\000i\000t\000a\000s}{}% 2
\BOOKMARK [0][-]{section*.5}{\376\377\000L\000e\000m\000b\000a\000r\000\040\000P\000e\000n\000g\000e\000s\000a\000h\000a\000n}{}% 3
\BOOKMARK [0][-]{section*.6}{\376\377\000[\000]\000K\000a\000t\000a\000\040\000P\000e\000n\000g\000a\000n\000t\000a\000r}{}% 4
\BOOKMARK [0][-]{section*.8}{\376\377\000L\000e\000m\000b\000a\000r\000\040\000P\000e\000r\000s\000e\000t\000u\000j\000u\000a\000n\000\040\000K\000a\000r\000y\000a\000\040\000I\000l\000m\000i\000a\000h}{}% 5
\BOOKMARK [0][-]{section*.9}{\376\377\000A\000b\000s\000t\000r\000a\000k}{}% 6
\BOOKMARK [0][-]{section*.10}{\376\377\000D\000a\000f\000t\000a\000r\000\040\000I\000s\000i}{}% 7
\BOOKMARK [0][-]{section*.11}{\376\377\000D\000a\000f\000t\000a\000r\000\040\000G\000a\000m\000b\000a\000r}{}% 8
\BOOKMARK [0][-]{section*.12}{\376\377\000D\000a\000f\000t\000a\000r\000\040\000T\000a\000b\000e\000l}{}% 9
\BOOKMARK [0][-]{section*.13}{\376\377\000D\000a\000f\000t\000a\000r\000\040\000K\000o\000d\000e\000\040\000P\000r\000o\000g\000r\000a\000m}{}% 10
\BOOKMARK [0][-]{section*.14}{\376\377\000D\000a\000f\000t\000a\000r\000\040\000L\000a\000m\000p\000i\000r\000a\000n}{}% 11
\BOOKMARK [0][-]{chapter.1}{\376\377\0001\000\040\000[\000]\000P\000e\000n\000d\000a\000h\000u\000l\000u\000a\000n}{}% 12
\BOOKMARK [1][-]{section.1.1}{\376\377\0001\000.\0001\000\040\000L\000a\000t\000a\000r\000\040\000B\000e\000l\000a\000k\000a\000n\000g}{chapter.1}% 13
\BOOKMARK [1][-]{section.1.2}{\376\377\0001\000.\0002\000\040\000P\000e\000r\000m\000a\000s\000a\000l\000a\000h\000a\000n}{chapter.1}% 14
\BOOKMARK [2][-]{subsection.1.2.1}{\376\377\0001\000.\0002\000.\0001\000\040\000P\000e\000r\000t\000a\000n\000y\000a\000a\000n\000\040\000P\000e\000n\000e\000l\000i\000t\000i\000a\000n}{section.1.2}% 15
\BOOKMARK [2][-]{subsection.1.2.2}{\376\377\0001\000.\0002\000.\0002\000\040\000B\000a\000t\000a\000s\000a\000n\000\040\000P\000e\000n\000e\000l\000i\000t\000i\000a\000n}{section.1.2}% 16
\BOOKMARK [1][-]{section.1.3}{\376\377\0001\000.\0003\000\040\000T\000u\000j\000u\000a\000n\000\040\000P\000e\000n\000e\000l\000i\000t\000i\000a\000n}{chapter.1}% 17
\BOOKMARK [1][-]{section.1.4}{\376\377\0001\000.\0004\000\040\000M\000a\000n\000f\000a\000a\000t\000\040\000P\000e\000n\000e\000l\000i\000t\000i\000a\000n}{chapter.1}% 18
\BOOKMARK [1][-]{section.1.5}{\376\377\0001\000.\0005\000\040\000L\000a\000n\000g\000k\000a\000h\000\040\000P\000e\000n\000e\000l\000i\000t\000i\000a\000n}{chapter.1}% 19
\BOOKMARK [1][-]{section.1.6}{\376\377\0001\000.\0006\000\040\000S\000i\000s\000t\000e\000m\000a\000t\000i\000k\000a\000\040\000P\000e\000n\000u\000l\000i\000s\000a\000n}{chapter.1}% 20
\BOOKMARK [0][-]{chapter.2}{\376\377\0002\000\040\000[\000]\000S\000t\000u\000d\000i\000\040\000L\000i\000t\000e\000r\000a\000t\000u\000r}{}% 21
\BOOKMARK [1][-]{section.2.1}{\376\377\0002\000.\0001\000\040\000I\000n\000t\000e\000g\000r\000i\000t\000a\000s\000\040\000A\000k\000a\000d\000e\000m\000i\000k\000\040\000d\000a\000l\000a\000m\000\040\000E\000r\000a\000\040\000P\000e\000m\000b\000e\000l\000a\000j\000a\000r\000a\000n\000\040\000D\000a\000r\000i\000n\000g}{chapter.2}% 22
\BOOKMARK [2][-]{subsection.2.1.1}{\376\377\0002\000.\0001\000.\0001\000\040\000E\000v\000o\000l\000u\000s\000i\000\040\000T\000a\000n\000t\000a\000n\000g\000a\000n\000\040\000I\000n\000t\000e\000g\000r\000i\000t\000a\000s\000\040\000A\000k\000a\000d\000e\000m\000i\000k}{section.2.1}% 23
\BOOKMARK [2][-]{subsection.2.1.2}{\376\377\0002\000.\0001\000.\0002\000\040\000K\000a\000r\000a\000k\000t\000e\000r\000i\000s\000t\000i\000k\000\040\000K\000e\000c\000u\000r\000a\000n\000g\000a\000n\000\040\000d\000a\000l\000a\000m\000\040\000L\000i\000n\000g\000k\000u\000n\000g\000a\000n\000\040\000D\000i\000g\000i\000t\000a\000l}{section.2.1}% 24
\BOOKMARK [1][-]{section.2.2}{\376\377\0002\000.\0002\000\040\000P\000e\000n\000d\000e\000k\000a\000t\000a\000n\000\040\000M\000a\000c\000h\000i\000n\000e\000\040\000L\000e\000a\000r\000n\000i\000n\000g\000\040\000u\000n\000t\000u\000k\000\040\000D\000e\000t\000e\000k\000s\000i\000\040\000K\000e\000c\000u\000r\000a\000n\000g\000a\000n}{chapter.2}% 25
\BOOKMARK [2][-]{subsection.2.2.1}{\376\377\0002\000.\0002\000.\0001\000\040\000E\000v\000o\000l\000u\000s\000i\000\040\000d\000a\000r\000i\000\040\000S\000i\000s\000t\000e\000m\000\040\000B\000e\000r\000b\000a\000s\000i\000s\000\040\000A\000t\000u\000r\000a\000n\000\040\000k\000e\000\040\000M\000a\000c\000h\000i\000n\000e\000\040\000L\000e\000a\000r\000n\000i\000n\000g}{section.2.2}% 26
\BOOKMARK [2][-]{subsection.2.2.2}{\376\377\0002\000.\0002\000.\0002\000\040\000T\000e\000k\000n\000i\000k\000\040\000S\000u\000p\000e\000r\000v\000i\000s\000e\000d\000\040\000L\000e\000a\000r\000n\000i\000n\000g\000\040\000u\000n\000t\000u\000k\000\040\000D\000e\000t\000e\000k\000s\000i\000\040\000K\000e\000c\000u\000r\000a\000n\000g\000a\000n}{section.2.2}% 27
\BOOKMARK [2][-]{subsection.2.2.3}{\376\377\0002\000.\0002\000.\0003\000\040\000D\000e\000t\000e\000k\000s\000i\000\040\000A\000n\000o\000m\000a\000l\000i\000\040\000d\000a\000n\000\040\000U\000n\000s\000u\000p\000e\000r\000v\000i\000s\000e\000d\000\040\000L\000e\000a\000r\000n\000i\000n\000g}{section.2.2}% 28
\BOOKMARK [1][-]{section.2.3}{\376\377\0002\000.\0003\000\040\000S\000i\000s\000t\000e\000m\000\040\000D\000e\000t\000e\000k\000s\000i\000\040\000K\000h\000u\000s\000u\000s\000\040\000P\000l\000a\000t\000f\000o\000r\000m\000\040\000M\000o\000o\000d\000l\000e}{chapter.2}% 29
\BOOKMARK [2][-]{subsection.2.3.1}{\376\377\0002\000.\0003\000.\0001\000\040\000K\000a\000r\000a\000k\000t\000e\000r\000i\000s\000t\000i\000k\000\040\000D\000a\000t\000a\000\040\000L\000o\000g\000\040\000M\000o\000o\000d\000l\000e}{section.2.3}% 30
\BOOKMARK [2][-]{subsection.2.3.2}{\376\377\0002\000.\0003\000.\0002\000\040\000I\000m\000p\000l\000e\000m\000e\000n\000t\000a\000s\000i\000\040\000S\000i\000s\000t\000e\000m\000\040\000D\000e\000t\000e\000k\000s\000i\000\040\000T\000e\000r\000i\000n\000t\000e\000g\000r\000a\000s\000i}{section.2.3}% 31
\BOOKMARK [2][-]{subsection.2.3.3}{\376\377\0002\000.\0003\000.\0003\000\040\000A\000n\000a\000l\000i\000s\000i\000s\000\040\000K\000e\000s\000a\000m\000a\000a\000n\000\040\000d\000a\000n\000\040\000D\000e\000t\000e\000k\000s\000i\000\040\000K\000o\000l\000u\000s\000i}{section.2.3}% 32
\BOOKMARK [1][-]{section.2.4}{\376\377\0002\000.\0004\000\040\000L\000e\000a\000r\000n\000i\000n\000g\000\040\000A\000n\000a\000l\000y\000t\000i\000c\000s\000\040\000d\000a\000n\000\040\000E\000d\000u\000c\000a\000t\000i\000o\000n\000a\000l\000\040\000D\000a\000t\000a\000\040\000M\000i\000n\000i\000n\000g}{chapter.2}% 33
\BOOKMARK [2][-]{subsection.2.4.1}{\376\377\0002\000.\0004\000.\0001\000\040\000E\000v\000o\000l\000u\000s\000i\000\040\000L\000e\000a\000r\000n\000i\000n\000g\000\040\000A\000n\000a\000l\000y\000t\000i\000c\000s\000\040\000s\000e\000b\000a\000g\000a\000i\000\040\000D\000i\000s\000i\000p\000l\000i\000n}{section.2.4}% 34
\BOOKMARK [2][-]{subsection.2.4.2}{\376\377\0002\000.\0004\000.\0002\000\040\000A\000p\000l\000i\000k\000a\000s\000i\000\040\000E\000d\000u\000c\000a\000t\000i\000o\000n\000a\000l\000\040\000D\000a\000t\000a\000\040\000M\000i\000n\000i\000n\000g\000\040\000u\000n\000t\000u\000k\000\040\000D\000e\000t\000e\000k\000s\000i\000\040\000A\000n\000o\000m\000a\000l\000i}{section.2.4}% 35
\BOOKMARK [2][-]{subsection.2.4.3}{\376\377\0002\000.\0004\000.\0003\000\040\000I\000n\000t\000e\000g\000r\000a\000s\000i\000\040\000P\000e\000r\000s\000p\000e\000k\000t\000i\000f\000\040\000P\000e\000d\000a\000g\000o\000g\000i\000s\000\040\000d\000a\000n\000\040\000T\000e\000k\000n\000o\000l\000o\000g\000i\000s}{section.2.4}% 36
\BOOKMARK [1][-]{section.2.5}{\376\377\0002\000.\0005\000\040\000T\000e\000k\000n\000i\000k\000\040\000E\000n\000s\000e\000m\000b\000l\000e\000\040\000d\000a\000n\000\040\000O\000p\000t\000i\000m\000a\000s\000i\000\040\000M\000o\000d\000e\000l}{chapter.2}% 37
\BOOKMARK [2][-]{subsection.2.5.1}{\376\377\0002\000.\0005\000.\0001\000\040\000P\000e\000n\000d\000e\000k\000a\000t\000a\000n\000\040\000E\000n\000s\000e\000m\000b\000l\000e\000\040\000L\000e\000a\000r\000n\000i\000n\000g}{section.2.5}% 38
\BOOKMARK [2][-]{subsection.2.5.2}{\376\377\0002\000.\0005\000.\0002\000\040\000S\000t\000r\000a\000t\000e\000g\000i\000\040\000I\000n\000t\000e\000g\000r\000a\000s\000i\000\040\000M\000u\000l\000t\000i\000a\000l\000g\000o\000r\000i\000t\000m\000a}{section.2.5}% 39
\BOOKMARK [2][-]{subsection.2.5.3}{\376\377\0002\000.\0005\000.\0003\000\040\000O\000p\000t\000i\000m\000a\000s\000i\000\040\000A\000m\000b\000a\000n\000g\000\040\000B\000a\000t\000a\000s\000\040\000d\000a\000n\000\040\000H\000i\000p\000e\000r\000p\000a\000r\000a\000m\000e\000t\000e\000r}{section.2.5}% 40
\BOOKMARK [1][-]{section.2.6}{\376\377\0002\000.\0006\000\040\000A\000n\000a\000l\000i\000s\000i\000s\000\040\000M\000a\000t\000r\000i\000k\000s\000\040\000K\000e\000s\000a\000m\000a\000a\000n\000\040\000d\000a\000n\000\040\000G\000r\000a\000p\000h\000-\000B\000a\000s\000e\000d\000\040\000D\000e\000t\000e\000c\000t\000i\000o\000n}{chapter.2}% 41
\BOOKMARK [2][-]{subsection.2.6.1}{\376\377\0002\000.\0006\000.\0001\000\040\000T\000e\000o\000r\000i\000\040\000M\000a\000t\000r\000i\000k\000s\000\040\000K\000e\000s\000a\000m\000a\000a\000n\000\040\000d\000a\000l\000a\000m\000\040\000D\000e\000t\000e\000k\000s\000i\000\040\000K\000o\000l\000u\000s\000i}{section.2.6}% 42
\BOOKMARK [2][-]{subsection.2.6.2}{\376\377\0002\000.\0006\000.\0002\000\040\000A\000n\000a\000l\000i\000s\000i\000s\000\040\000G\000r\000a\000f\000\040\000d\000a\000n\000\040\000N\000e\000t\000w\000o\000r\000k\000\040\000D\000e\000t\000e\000c\000t\000i\000o\000n}{section.2.6}% 43
\BOOKMARK [2][-]{subsection.2.6.3}{\376\377\0002\000.\0006\000.\0003\000\040\000A\000n\000a\000l\000i\000s\000i\000s\000\040\000T\000e\000m\000p\000o\000r\000a\000l\000\040\000d\000a\000n\000\040\000D\000y\000n\000a\000m\000i\000c\000\040\000N\000e\000t\000w\000o\000r\000k\000s}{section.2.6}% 44
\BOOKMARK [1][-]{section.2.7}{\376\377\0002\000.\0007\000\040\000E\000v\000a\000l\000u\000a\000s\000i\000\040\000d\000a\000n\000\040\000V\000a\000l\000i\000d\000a\000s\000i\000\040\000S\000i\000s\000t\000e\000m\000\040\000D\000e\000t\000e\000k\000s\000i}{chapter.2}% 45
\BOOKMARK [2][-]{subsection.2.7.1}{\376\377\0002\000.\0007\000.\0001\000\040\000M\000e\000t\000r\000i\000k\000\040\000E\000v\000a\000l\000u\000a\000s\000i\000\040\000d\000a\000l\000a\000m\000\040\000K\000o\000n\000t\000e\000k\000s\000\040\000A\000k\000a\000d\000e\000m\000i\000k}{section.2.7}% 46
\BOOKMARK [2][-]{subsection.2.7.2}{\376\377\0002\000.\0007\000.\0002\000\040\000V\000a\000l\000i\000d\000a\000s\000i\000\040\000L\000i\000n\000t\000a\000s\000\040\000D\000o\000m\000a\000i\000n\000\040\000d\000a\000n\000\040\000G\000e\000n\000e\000r\000a\000l\000i\000s\000a\000s\000i}{section.2.7}% 47
\BOOKMARK [2][-]{subsection.2.7.3}{\376\377\0002\000.\0007\000.\0003\000\040\000A\000s\000p\000e\000k\000\040\000E\000t\000i\000s\000\040\000d\000a\000n\000\040\000K\000e\000a\000d\000i\000l\000a\000n}{section.2.7}% 48
\BOOKMARK [1][-]{section.2.8}{\376\377\0002\000.\0008\000\040\000K\000e\000s\000e\000n\000j\000a\000n\000g\000a\000n\000\040\000P\000e\000n\000e\000l\000i\000t\000i\000a\000n\000\040\000d\000a\000n\000\040\000P\000e\000l\000u\000a\000n\000g\000\040\000P\000e\000n\000g\000e\000m\000b\000a\000n\000g\000a\000n}{chapter.2}% 49
\BOOKMARK [2][-]{subsection.2.8.1}{\376\377\0002\000.\0008\000.\0001\000\040\000I\000d\000e\000n\000t\000i\000f\000i\000k\000a\000s\000i\000\040\000K\000e\000s\000e\000n\000j\000a\000n\000g\000a\000n\000\040\000d\000a\000l\000a\000m\000\040\000L\000i\000t\000e\000r\000a\000t\000u\000r}{section.2.8}% 50
\BOOKMARK [2][-]{subsection.2.8.2}{\376\377\0002\000.\0008\000.\0002\000\040\000P\000e\000l\000u\000a\000n\000g\000\040\000u\000n\000t\000u\000k\000\040\000K\000o\000n\000t\000r\000i\000b\000u\000s\000i\000\040\000N\000o\000v\000e\000l}{section.2.8}% 51
\BOOKMARK [1][-]{section.2.9}{\376\377\0002\000.\0009\000\040\000R\000i\000n\000g\000k\000a\000s\000a\000n}{chapter.2}% 52
\BOOKMARK [0][-]{chapter.3}{\376\377\0003\000\040\000[\000]\000M\000e\000t\000o\000d\000e\000\040\000P\000e\000n\000e\000l\000i\000t\000i\000a\000n}{}% 53
\BOOKMARK [1][-]{section.3.1}{\376\377\0003\000.\0001\000\040\000K\000e\000r\000a\000n\000g\000k\000a\000\040\000M\000e\000t\000o\000d\000o\000l\000o\000g\000i\000\040\000P\000e\000n\000e\000l\000i\000t\000i\000a\000n}{chapter.3}% 54
\BOOKMARK [2][-]{subsection.3.1.1}{\376\377\0003\000.\0001\000.\0001\000\040\000T\000a\000h\000a\000p\000a\000n\000\040\000P\000e\000n\000e\000l\000i\000t\000i\000a\000n}{section.3.1}% 55
\BOOKMARK [2][-]{subsection.3.1.2}{\376\377\0003\000.\0001\000.\0002\000\040\000H\000i\000p\000o\000t\000e\000s\000i\000s\000\040\000P\000e\000n\000e\000l\000i\000t\000i\000a\000n}{section.3.1}% 56
\BOOKMARK [1][-]{section.3.2}{\376\377\0003\000.\0002\000\040\000S\000t\000u\000d\000i\000\040\000L\000i\000t\000e\000r\000a\000t\000u\000r\000\040\000d\000a\000n\000\040\000A\000n\000a\000l\000i\000s\000i\000s\000\040\000G\000a\000p}{chapter.3}% 57
\BOOKMARK [1][-]{section.3.3}{\376\377\0003\000.\0003\000\040\000A\000k\000u\000i\000s\000i\000s\000i\000\040\000D\000a\000t\000a\000\040\000d\000a\000n\000\040\000P\000e\000r\000a\000n\000c\000a\000n\000g\000a\000n\000\040\000D\000a\000t\000a\000\040\000A\000r\000t\000i\000f\000i\000s\000i\000a\000l}{chapter.3}% 58
\BOOKMARK [1][-]{section.3.4}{\376\377\0003\000.\0004\000\040\000P\000i\000p\000e\000l\000i\000n\000e\000\040\000P\000r\000e\000p\000r\000o\000c\000e\000s\000s\000i\000n\000g\000\040\000D\000a\000t\000a}{chapter.3}% 59
\BOOKMARK [2][-]{subsection.3.4.1}{\376\377\0003\000.\0004\000.\0001\000\040\000A\000r\000s\000i\000t\000e\000k\000t\000u\000r\000\040\000P\000i\000p\000e\000l\000i\000n\000e\000\040\000P\000r\000e\000p\000r\000o\000c\000e\000s\000s\000i\000n\000g}{section.3.4}% 60
\BOOKMARK [2][-]{subsection.3.4.2}{\376\377\0003\000.\0004\000.\0002\000\040\000D\000u\000a\000l\000\040\000M\000o\000d\000e\000\040\000P\000r\000o\000c\000e\000s\000s\000i\000n\000g\000\040\000S\000t\000r\000a\000t\000e\000g\000y}{section.3.4}% 61
\BOOKMARK [2][-]{subsection.3.4.3}{\376\377\0003\000.\0004\000.\0003\000\040\000D\000a\000t\000a\000\040\000L\000o\000g\000\040\000M\000o\000o\000d\000l\000e\000\040\000R\000i\000i\000l\000:\000\040\000D\000e\000s\000k\000r\000i\000p\000s\000i\000\040\000\050\000p\000e\000r\000i\000o\000d\000e\000,\000\040\000j\000u\000m\000l\000a\000h\000\040\000e\000v\000e\000n\000t\000/\000u\000s\000e\000r\000,\000\040\000f\000i\000t\000u\000r\000\040\000u\000t\000a\000m\000a\000\051\000,\000\040\000P\000r\000o\000s\000e\000s\000\040\000A\000k\000u\000i\000s\000i\000s\000i\000,\000\040\000K\000e\000b\000i\000j\000a\000k\000a\000n\000\040\000A\000n\000o\000n\000i\000m\000i\000s\000a\000s\000i\000\040\000\046\000\040\000E\000t\000i\000k\000a\000.}{section.3.4}% 62
\BOOKMARK [3][-]{subsubsection.3.4.3.1}{\376\377\0003\000.\0004\000.\0003\000.\0001\000\040\000D\000e\000s\000k\000r\000i\000p\000s\000i\000\040\000D\000a\000t\000a}{subsection.3.4.3}% 63
\BOOKMARK [3][-]{subsubsection.3.4.3.2}{\376\377\0003\000.\0004\000.\0003\000.\0002\000\040\000R\000e\000n\000t\000a\000n\000g\000\040\000W\000a\000k\000t\000u\000\040\000d\000a\000n\000\040\000S\000k\000a\000l\000a\000\040\000D\000a\000t\000a\000s\000e\000t}{subsection.3.4.3}% 64
\BOOKMARK [3][-]{subsubsection.3.4.3.3}{\376\377\0003\000.\0004\000.\0003\000.\0003\000\040\000C\000a\000k\000u\000p\000a\000n\000\040\000M\000a\000t\000a\000\040\000K\000u\000l\000i\000a\000h\000\040\000d\000a\000n\000\040\000P\000o\000l\000a\000\040\000P\000e\000n\000g\000g\000u\000n\000a\000a\000n}{subsection.3.4.3}% 65
\BOOKMARK [3][-]{subsubsection.3.4.3.4}{\376\377\0003\000.\0004\000.\0003\000.\0004\000\040\000P\000r\000o\000s\000e\000s\000\040\000A\000k\000u\000i\000s\000i\000s\000i\000\040\000d\000a\000n\000\040\000K\000e\000b\000i\000j\000a\000k\000a\000n\000\040\000A\000n\000o\000n\000i\000m\000i\000s\000a\000s\000i}{subsection.3.4.3}% 66
\BOOKMARK [2][-]{subsection.3.4.4}{\376\377\0003\000.\0004\000.\0004\000\040\000S\000t\000r\000a\000t\000e\000g\000i\000\040\000D\000a\000t\000a\000\040\000A\000r\000t\000i\000f\000i\000s\000i\000a\000l}{section.3.4}% 67
\BOOKMARK [1][-]{section.3.5}{\376\377\0003\000.\0005\000\040\000P\000r\000e\000p\000r\000o\000c\000e\000s\000s\000i\000n\000g\000\040\000P\000i\000p\000e\000l\000i\000n\000e\000\040\000d\000a\000n\000\040\000F\000e\000a\000t\000u\000r\000e\000\040\000E\000n\000g\000i\000n\000e\000e\000r\000i\000n\000g}{chapter.3}% 68
\BOOKMARK [2][-]{subsection.3.5.1}{\376\377\0003\000.\0005\000.\0001\000\040\000P\000e\000m\000b\000e\000r\000s\000i\000h\000a\000n\000\040\000D\000a\000t\000a\000\040\000\050\000D\000a\000t\000a\000\040\000C\000l\000e\000a\000n\000i\000n\000g\000\051}{section.3.5}% 69
\BOOKMARK [2][-]{subsection.3.5.2}{\376\377\0003\000.\0005\000.\0002\000\040\000T\000r\000a\000n\000s\000f\000o\000r\000m\000a\000s\000i\000\040\000d\000a\000n\000\040\000N\000o\000r\000m\000a\000l\000i\000s\000a\000s\000i\000\040\000D\000a\000t\000a}{section.3.5}% 70
\BOOKMARK [2][-]{subsection.3.5.3}{\376\377\0003\000.\0005\000.\0003\000\040\000E\000k\000s\000t\000r\000a\000k\000s\000i\000\040\000F\000i\000t\000u\000r\000\040\000d\000a\000n\000\040\000D\000e\000t\000e\000k\000s\000i\000\040\000O\000u\000t\000l\000i\000e\000r}{section.3.5}% 71
\BOOKMARK [2][-]{subsection.3.5.4}{\376\377\0003\000.\0005\000.\0004\000\040\000C\000h\000e\000c\000k\000l\000i\000s\000t\000\040\000P\000r\000a\000-\000p\000e\000m\000r\000o\000s\000e\000s\000a\000n}{section.3.5}% 72
\BOOKMARK [2][-]{subsection.3.5.5}{\376\377\0003\000.\0005\000.\0005\000\040\000J\000u\000s\000t\000i\000f\000i\000k\000a\000s\000i\000\040\000I\000l\000m\000i\000a\000h}{section.3.5}% 73
\BOOKMARK [2][-]{subsection.3.5.6}{\376\377\0003\000.\0005\000.\0006\000\040\000P\000e\000r\000a\000n\000c\000a\000n\000g\000a\000n\000\040\000d\000a\000n\000\040\000G\000e\000n\000e\000r\000a\000s\000i\000\040\000D\000a\000t\000a\000\040\000A\000r\000t\000i\000f\000i\000s\000i\000a\000l}{section.3.5}% 74
\BOOKMARK [2][-]{subsection.3.5.7}{\376\377\0003\000.\0005\000.\0007\000\040\000D\000e\000f\000i\000n\000i\000s\000i\000\040\000O\000p\000e\000r\000a\000s\000i\000o\000n\000a\000l\000\040\000S\000k\000e\000n\000a\000r\000i\000o\000\040\000P\000e\000r\000i\000l\000a\000k\000u\000\040\000S\000i\000n\000t\000e\000t\000i\000k}{section.3.5}% 75
\BOOKMARK [2][-]{subsection.3.5.8}{\376\377\0003\000.\0005\000.\0008\000\040\000D\000e\000s\000a\000i\000n\000\040\000G\000r\000o\000u\000n\000d\000\040\000T\000r\000u\000t\000h\000\040\000A\000r\000t\000i\000f\000i\000s\000i\000a\000l}{section.3.5}% 76
\BOOKMARK [2][-]{subsection.3.5.9}{\376\377\0003\000.\0005\000.\0009\000\040\000M\000e\000t\000o\000d\000e\000\040\000G\000e\000n\000e\000r\000a\000s\000i\000\040\000D\000a\000t\000a}{section.3.5}% 77
\BOOKMARK [2][-]{subsection.3.5.10}{\376\377\0003\000.\0005\000.\0001\0000\000\040\000I\000m\000p\000l\000e\000m\000e\000n\000t\000a\000s\000i\000\040\000T\000e\000k\000n\000i\000s}{section.3.5}% 78
\BOOKMARK [2][-]{subsection.3.5.11}{\376\377\0003\000.\0005\000.\0001\0001\000\040\000V\000a\000l\000i\000d\000a\000s\000i\000\040\000D\000a\000t\000a\000\040\000A\000r\000t\000i\000f\000i\000s\000i\000a\000l}{section.3.5}% 79
\BOOKMARK [2][-]{subsection.3.5.12}{\376\377\0003\000.\0005\000.\0001\0002\000\040\000E\000k\000s\000t\000r\000a\000k\000s\000i\000\040\000d\000a\000n\000\040\000S\000e\000l\000e\000k\000s\000i\000\040\000F\000i\000t\000u\000r}{section.3.5}% 80
\BOOKMARK [2][-]{subsection.3.5.13}{\376\377\0003\000.\0005\000.\0001\0003\000\040\000E\000k\000s\000t\000r\000a\000k\000s\000i\000\040\000F\000i\000t\000u\000r\000\040\000D\000a\000s\000a\000r}{section.3.5}% 81
\BOOKMARK [2][-]{subsection.3.5.14}{\376\377\0003\000.\0005\000.\0001\0004\000\040\000E\000k\000s\000t\000r\000a\000k\000s\000i\000\040\000F\000i\000t\000u\000r\000\040\000S\000e\000q\000u\000e\000n\000c\000e\000\040\000\050\000U\000r\000u\000t\000a\000n\000\040\000A\000k\000t\000i\000v\000i\000t\000a\000s\000\051}{section.3.5}% 82
\BOOKMARK [2][-]{subsection.3.5.15}{\376\377\0003\000.\0005\000.\0001\0005\000\040\000P\000e\000r\000h\000i\000t\000u\000n\000g\000a\000n\000\040\000S\000i\000m\000i\000l\000a\000r\000i\000t\000y\000\040\000F\000e\000a\000t\000u\000r\000e\000s}{section.3.5}% 83
\BOOKMARK [2][-]{subsection.3.5.16}{\376\377\0003\000.\0005\000.\0001\0006\000\040\000P\000e\000m\000e\000r\000i\000k\000s\000a\000a\000n\000\040\000M\000u\000l\000t\000i\000k\000o\000l\000i\000n\000e\000a\000r\000i\000t\000a\000s\000\040\000d\000a\000n\000\040\000S\000e\000l\000e\000k\000s\000i\000\040\000F\000i\000t\000u\000r\000\040\000F\000i\000n\000a\000l}{section.3.5}% 84
\BOOKMARK [3][-]{subsubsection.3.5.16.1}{\376\377\0003\000.\0005\000.\0001\0006\000.\0001\000\040\000P\000r\000o\000s\000e\000s\000\040\000S\000e\000l\000e\000k\000s\000i\000\040\000F\000i\000t\000u\000r}{subsection.3.5.16}% 85
\BOOKMARK [3][-]{subsubsection.3.5.16.2}{\376\377\0003\000.\0005\000.\0001\0006\000.\0002\000\040\000D\000e\000l\000a\000p\000a\000n\000\040\000F\000i\000t\000u\000r\000\040\000S\000t\000a\000b\000i\000l\000\040\000T\000e\000r\000p\000i\000l\000i\000h}{subsection.3.5.16}% 86
\BOOKMARK [2][-]{subsection.3.5.17}{\376\377\0003\000.\0005\000.\0001\0007\000\040\000P\000r\000a\000-\000p\000e\000m\000r\000o\000s\000e\000s\000a\000n\000\040\000F\000i\000t\000u\000r\000\040\000u\000n\000t\000u\000k\000\040\000K\000o\000m\000p\000a\000t\000i\000b\000i\000l\000i\000t\000a\000s\000\040\000M\000o\000d\000e\000l}{section.3.5}% 87
\BOOKMARK [2][-]{subsection.3.5.18}{\376\377\0003\000.\0005\000.\0001\0008\000\040\000V\000i\000s\000u\000a\000l\000i\000s\000a\000s\000i\000\040\000d\000a\000n\000\040\000I\000n\000t\000e\000r\000p\000r\000e\000t\000a\000s\000i\000\040\000F\000i\000t\000u\000r}{section.3.5}% 88
\BOOKMARK [2][-]{subsection.3.5.19}{\376\377\0003\000.\0005\000.\0001\0009\000\040\000R\000e\000p\000r\000o\000d\000u\000c\000i\000b\000i\000l\000i\000t\000y\000\040\000d\000a\000n\000\040\000D\000o\000k\000u\000m\000e\000n\000t\000a\000s\000i}{section.3.5}% 89
\BOOKMARK [1][-]{section.3.6}{\376\377\0003\000.\0006\000\040\000P\000e\000n\000g\000e\000m\000b\000a\000n\000g\000a\000n\000\040\000M\000o\000d\000e\000l\000\040\000E\000n\000s\000e\000m\000b\000l\000e}{chapter.3}% 90
\BOOKMARK [2][-]{subsection.3.6.1}{\376\377\0003\000.\0006\000.\0001\000\040\000P\000e\000m\000i\000l\000i\000h\000a\000n\000\040\000A\000r\000s\000i\000t\000e\000k\000t\000u\000r\000\040\000M\000o\000d\000e\000l\000\040\000D\000e\000t\000e\000k\000s\000i\000\040\000K\000e\000c\000u\000r\000a\000n\000g\000a\000n}{section.3.6}% 91
\BOOKMARK [3][-]{subsubsection.3.6.1.1}{\376\377\0003\000.\0006\000.\0001\000.\0001\000\040\000I\000n\000t\000e\000g\000r\000a\000s\000i\000\040\000M\000o\000d\000e\000l\000\040\000M\000u\000l\000t\000i\000-\000K\000l\000a\000s\000i\000f\000i\000k\000a\000s\000i}{subsection.3.6.1}% 92
\BOOKMARK [3][-]{subsubsection.3.6.1.2}{\376\377\0003\000.\0006\000.\0001\000.\0002\000\040\000A\000n\000a\000l\000i\000s\000i\000s\000\040\000G\000r\000a\000p\000h\000\040\000B\000e\000r\000b\000a\000s\000i\000s\000\040\000S\000i\000m\000i\000l\000a\000r\000i\000t\000y}{subsection.3.6.1}% 93
\BOOKMARK [3][-]{subsubsection.3.6.1.3}{\376\377\0003\000.\0006\000.\0001\000.\0003\000\040\000P\000e\000n\000d\000e\000k\000a\000t\000a\000n\000\040\000E\000n\000s\000e\000m\000b\000l\000e\000\040\000u\000n\000t\000u\000k\000\040\000P\000r\000e\000d\000i\000k\000s\000i\000\040\000A\000k\000h\000i\000r}{subsection.3.6.1}% 94
\BOOKMARK [3][-]{subsubsection.3.6.1.4}{\376\377\0003\000.\0006\000.\0001\000.\0004\000\040\000V\000a\000l\000i\000d\000a\000s\000i\000\040\000E\000m\000p\000i\000r\000i\000s\000\040\000d\000a\000n\000\040\000R\000e\000p\000r\000o\000d\000u\000c\000i\000b\000i\000l\000i\000t\000y}{subsection.3.6.1}% 95
\BOOKMARK [3][-]{subsubsection.3.6.1.5}{\376\377\0003\000.\0006\000.\0001\000.\0005\000\040\000J\000u\000s\000t\000i\000f\000i\000k\000a\000s\000i\000\040\000I\000l\000m\000i\000a\000h\000\040\000d\000a\000n\000\040\000I\000n\000t\000e\000r\000p\000r\000e\000t\000a\000b\000i\000l\000i\000t\000a\000s}{subsection.3.6.1}% 96
\BOOKMARK [2][-]{subsection.3.6.2}{\376\377\0003\000.\0006\000.\0002\000\040\000K\000o\000n\000f\000i\000g\000u\000r\000a\000s\000i\000\040\000M\000o\000d\000e\000l\000\040\000D\000e\000t\000e\000k\000s\000i\000\040\000K\000e\000c\000u\000r\000a\000n\000g\000a\000n}{section.3.6}% 97
\BOOKMARK [3][-]{subsubsection.3.6.2.1}{\376\377\0003\000.\0006\000.\0002\000.\0001\000\040\000K\000o\000n\000f\000i\000g\000u\000r\000a\000s\000i\000\040\000N\000e\000u\000r\000a\000l\000\040\000N\000e\000t\000w\000o\000r\000k}{subsection.3.6.2}% 98
\BOOKMARK [3][-]{subsubsection.3.6.2.2}{\376\377\0003\000.\0006\000.\0002\000.\0002\000\040\000K\000o\000n\000f\000i\000g\000u\000r\000a\000s\000i\000\040\000M\000o\000d\000e\000l\000\040\000S\000u\000p\000e\000r\000v\000i\000s\000e\000d\000\040\000L\000a\000i\000n\000n\000y\000a}{subsection.3.6.2}% 99
\BOOKMARK [3][-]{subsubsection.3.6.2.3}{\376\377\0003\000.\0006\000.\0002\000.\0003\000\040\000P\000e\000n\000g\000a\000t\000u\000r\000a\000n\000\040\000H\000y\000p\000e\000r\000p\000a\000r\000a\000m\000e\000t\000e\000r\000\040\000d\000a\000n\000\040\000R\000e\000p\000r\000o\000d\000u\000c\000i\000b\000i\000l\000i\000t\000y}{subsection.3.6.2}% 100
\BOOKMARK [3][-]{subsubsection.3.6.2.4}{\376\377\0003\000.\0006\000.\0002\000.\0004\000\040\000I\000n\000t\000e\000g\000r\000a\000s\000i\000\040\000d\000a\000l\000a\000m\000\040\000F\000r\000a\000m\000e\000w\000o\000r\000k\000\040\000E\000n\000s\000e\000m\000b\000l\000e}{subsection.3.6.2}% 101
\BOOKMARK [2][-]{subsection.3.6.3}{\376\377\0003\000.\0006\000.\0003\000\040\000S\000k\000e\000n\000a\000r\000i\000o\000\040\000P\000e\000l\000a\000t\000i\000h\000a\000n}{section.3.6}% 102
\BOOKMARK [3][-]{subsubsection.3.6.3.1}{\376\377\0003\000.\0006\000.\0003\000.\0001\000\040\000P\000e\000m\000b\000a\000g\000i\000a\000n\000\040\000D\000a\000t\000a\000s\000e\000t}{subsection.3.6.3}% 103
\BOOKMARK [3][-]{subsubsection.3.6.3.2}{\376\377\0003\000.\0006\000.\0003\000.\0002\000\040\000P\000r\000o\000s\000e\000s\000\040\000T\000r\000a\000i\000n\000i\000n\000g\000\040\000d\000a\000n\000\040\000T\000e\000k\000n\000i\000k\000\040\000R\000e\000g\000u\000l\000a\000r\000i\000s\000a\000s\000i}{subsection.3.6.3}% 104
\BOOKMARK [3][-]{subsubsection.3.6.3.3}{\376\377\0003\000.\0006\000.\0003\000.\0003\000\040\000T\000e\000k\000n\000i\000k\000\040\000C\000r\000o\000s\000s\000-\000V\000a\000l\000i\000d\000a\000t\000i\000o\000n\000\040\000d\000a\000n\000\040\000E\000v\000a\000l\000u\000a\000s\000i\000\040\000M\000o\000d\000e\000l}{subsection.3.6.3}% 105
\BOOKMARK [3][-]{subsubsection.3.6.3.4}{\376\377\0003\000.\0006\000.\0003\000.\0004\000\040\000I\000n\000t\000e\000g\000r\000a\000s\000i\000\040\000d\000a\000l\000a\000m\000\040\000F\000r\000a\000m\000e\000w\000o\000r\000k\000\040\000E\000n\000s\000e\000m\000b\000l\000e}{subsection.3.6.3}% 106
\BOOKMARK [3][-]{subsubsection.3.6.3.5}{\376\377\0003\000.\0006\000.\0003\000.\0005\000\040\000R\000e\000p\000r\000o\000d\000u\000c\000i\000b\000i\000l\000i\000t\000y\000\040\000d\000a\000n\000\040\000D\000o\000k\000u\000m\000e\000n\000t\000a\000s\000i\000\040\000E\000k\000s\000p\000e\000r\000i\000m\000e\000n}{subsection.3.6.3}% 107
\BOOKMARK [3][-]{subsubsection.3.6.3.6}{\376\377\0003\000.\0006\000.\0003\000.\0006\000\040\000D\000a\000m\000p\000a\000k\000\040\000U\000k\000u\000r\000a\000n\000\040\000D\000a\000t\000a\000s\000e\000t\000\040\000t\000e\000r\000h\000a\000d\000a\000p\000\040\000P\000e\000r\000f\000o\000r\000m\000a}{subsection.3.6.3}% 108
\BOOKMARK [2][-]{subsection.3.6.4}{\376\377\0003\000.\0006\000.\0004\000\040\000P\000e\000n\000y\000e\000t\000e\000l\000a\000n\000\040\000H\000y\000p\000e\000r\000p\000a\000r\000a\000m\000e\000t\000e\000r}{section.3.6}% 109
\BOOKMARK [3][-]{subsubsection.3.6.4.1}{\376\377\0003\000.\0006\000.\0004\000.\0001\000\040\000E\000k\000s\000p\000l\000o\000r\000a\000s\000i\000\040\000R\000u\000a\000n\000g\000\040\000P\000a\000r\000a\000m\000e\000t\000e\000r}{subsection.3.6.4}% 110
\BOOKMARK [3][-]{subsubsection.3.6.4.2}{\376\377\0003\000.\0006\000.\0004\000.\0002\000\040\000E\000v\000a\000l\000u\000a\000s\000i\000\040\000M\000e\000l\000a\000l\000u\000i\000\040\000C\000r\000o\000s\000s\000-\000V\000a\000l\000i\000d\000a\000t\000i\000o\000n}{subsection.3.6.4}% 111
\BOOKMARK [3][-]{subsubsection.3.6.4.3}{\376\377\0003\000.\0006\000.\0004\000.\0003\000\040\000O\000p\000t\000i\000m\000i\000s\000a\000s\000i\000\040\000d\000a\000n\000\040\000A\000u\000t\000o\000m\000a\000s\000i\000\040\000P\000r\000o\000s\000e\000s\000\040\000T\000u\000n\000i\000n\000g}{subsection.3.6.4}% 112
\BOOKMARK [3][-]{subsubsection.3.6.4.4}{\376\377\0003\000.\0006\000.\0004\000.\0004\000\040\000I\000n\000t\000e\000g\000r\000a\000s\000i\000\040\000H\000a\000s\000i\000l\000\040\000d\000a\000l\000a\000m\000\040\000F\000r\000a\000m\000e\000w\000o\000r\000k\000\040\000E\000n\000s\000e\000m\000b\000l\000e}{subsection.3.6.4}% 113
\BOOKMARK [1][-]{section.3.7}{\376\377\0003\000.\0007\000\040\000E\000v\000a\000l\000u\000a\000s\000i\000\040\000d\000a\000n\000\040\000V\000a\000l\000i\000d\000a\000s\000i\000\040\000M\000o\000d\000e\000l}{chapter.3}% 114
\BOOKMARK [2][-]{subsection.3.7.1}{\376\377\0003\000.\0007\000.\0001\000\040\000E\000v\000a\000l\000u\000a\000s\000i\000\040\000K\000u\000a\000n\000t\000i\000t\000a\000t\000i\000f\000\040\000\050\000p\000a\000d\000a\000\040\000D\000a\000t\000a\000\040\000U\000j\000i\000\040\000A\000r\000t\000i\000f\000i\000s\000i\000a\000l\000\051}{section.3.7}% 115
\BOOKMARK [3][-]{subsubsection.3.7.1.1}{\376\377\0003\000.\0007\000.\0001\000.\0001\000\040\000H\000a\000s\000i\000l\000\040\000E\000v\000a\000l\000u\000a\000s\000i\000\040\000M\000o\000d\000e\000l}{subsection.3.7.1}% 116
\BOOKMARK [2][-]{subsection.3.7.2}{\376\377\0003\000.\0007\000.\0002\000\040\000E\000v\000a\000l\000u\000a\000s\000i\000\040\000K\000u\000a\000l\000i\000t\000a\000t\000i\000f\000\040\000d\000a\000n\000\040\000A\000p\000l\000i\000k\000a\000s\000i\000\040\000p\000a\000d\000a\000\040\000D\000a\000t\000a\000\040\000R\000i\000i\000l}{section.3.7}% 117
\BOOKMARK [3][-]{subsubsection.3.7.2.1}{\376\377\0003\000.\0007\000.\0002\000.\0001\000\040\000H\000a\000s\000i\000l\000\040\000D\000e\000t\000e\000k\000s\000i\000\040\000p\000a\000d\000a\000\040\000D\000a\000t\000a\000\040\000R\000i\000i\000l}{subsection.3.7.2}% 118
\BOOKMARK [1][-]{section.3.8}{\376\377\0003\000.\0008\000\040\000K\000e\000s\000i\000m\000p\000u\000l\000a\000n\000\040\000B\000a\000b}{chapter.3}% 119
\BOOKMARK [0][-]{chapter.4}{\376\377\0004\000\040\000[\000]\000E\000k\000s\000p\000e\000r\000i\000m\000e\000n\000\040\000d\000a\000n\000\040\000A\000n\000a\000l\000i\000s\000i\000s}{}% 120
\BOOKMARK [1][-]{section.4.1}{\376\377\0004\000.\0001\000\040\000D\000a\000t\000a\000s\000e\000t\000\040\000d\000a\000n\000\040\000K\000o\000n\000f\000i\000g\000u\000r\000a\000s\000i\000\040\000E\000k\000s\000p\000e\000r\000i\000m\000e\000n}{chapter.4}% 121
\BOOKMARK [2][-]{subsection.4.1.1}{\376\377\0004\000.\0001\000.\0001\000\040\000D\000a\000t\000a\000s\000e\000t\000\040\000S\000i\000n\000t\000e\000s\000i\000s\000\040\000u\000n\000t\000u\000k\000\040\000P\000e\000l\000a\000t\000i\000h\000a\000n\000\040\000M\000o\000d\000e\000l}{section.4.1}% 122
\BOOKMARK [3][-]{subsubsection.4.1.1.1}{\376\377\0004\000.\0001\000.\0001\000.\0001\000\040\000P\000a\000r\000a\000m\000e\000t\000e\000r\000\040\000S\000i\000m\000u\000l\000a\000s\000i\000\040\000K\000e\000c\000u\000r\000a\000n\000g\000a\000n}{subsection.4.1.1}% 123
\BOOKMARK [2][-]{subsection.4.1.2}{\376\377\0004\000.\0001\000.\0002\000\040\000D\000a\000t\000a\000s\000e\000t\000\040\000R\000i\000i\000l\000\040\000u\000n\000t\000u\000k\000\040\000V\000a\000l\000i\000d\000a\000s\000i}{section.4.1}% 124
\BOOKMARK [1][-]{section.4.2}{\376\377\0004\000.\0002\000\040\000H\000a\000s\000i\000l\000\040\000P\000e\000l\000a\000t\000i\000h\000a\000n\000\040\000d\000a\000n\000\040\000E\000v\000a\000l\000u\000a\000s\000i\000\040\000M\000o\000d\000e\000l}{chapter.4}% 125
\BOOKMARK [2][-]{subsection.4.2.1}{\376\377\0004\000.\0002\000.\0001\000\040\000K\000i\000n\000e\000r\000j\000a\000\040\000M\000o\000d\000e\000l\000\040\000p\000a\000d\000a\000\040\000D\000a\000t\000a\000\040\000T\000e\000s\000t\000i\000n\000g}{section.4.2}% 126
\BOOKMARK [3][-]{subsubsection.4.2.1.1}{\376\377\0004\000.\0002\000.\0001\000.\0001\000\040\000A\000n\000a\000l\000i\000s\000i\000s\000\040\000C\000o\000n\000f\000u\000s\000i\000o\000n\000\040\000M\000a\000t\000r\000i\000x}{subsection.4.2.1}% 127
\BOOKMARK [3][-]{subsubsection.4.2.1.2}{\376\377\0004\000.\0002\000.\0001\000.\0002\000\040\000K\000u\000r\000v\000a\000\040\000R\000O\000C\000\040\000d\000a\000n\000\040\000P\000r\000e\000c\000i\000s\000i\000o\000n\000-\000R\000e\000c\000a\000l\000l}{subsection.4.2.1}% 128
\BOOKMARK [3][-]{subsubsection.4.2.1.3}{\376\377\0004\000.\0002\000.\0001\000.\0003\000\040\000P\000e\000r\000b\000a\000n\000d\000i\000n\000g\000a\000n\000\040\000K\000i\000n\000e\000r\000j\000a\000\040\000A\000n\000t\000a\000r\000\040\000M\000o\000d\000e\000l}{subsection.4.2.1}% 129
\BOOKMARK [1][-]{section.4.3}{\376\377\0004\000.\0003\000\040\000A\000n\000a\000l\000i\000s\000i\000s\000\040\000F\000e\000a\000t\000u\000r\000e\000\040\000I\000m\000p\000o\000r\000t\000a\000n\000c\000e}{chapter.4}% 130
\BOOKMARK [2][-]{subsection.4.3.1}{\376\377\0004\000.\0003\000.\0001\000\040\000F\000i\000t\000u\000r\000-\000F\000i\000t\000u\000r\000\040\000y\000a\000n\000g\000\040\000P\000a\000l\000i\000n\000g\000\040\000B\000e\000r\000p\000e\000n\000g\000a\000r\000u\000h}{section.4.3}% 131
\BOOKMARK [2][-]{subsection.4.3.2}{\376\377\0004\000.\0003\000.\0002\000\040\000I\000n\000t\000e\000r\000p\000r\000e\000t\000a\000s\000i\000\040\000F\000i\000t\000u\000r\000\040\000B\000e\000r\000d\000a\000s\000a\000r\000k\000a\000n\000\040\000K\000a\000t\000e\000g\000o\000r\000i}{section.4.3}% 132
\BOOKMARK [3][-]{subsubsection.4.3.2.1}{\376\377\0004\000.\0003\000.\0002\000.\0001\000\040\000F\000i\000t\000u\000r\000\040\000K\000e\000s\000a\000m\000a\000a\000n\000\040\000N\000a\000v\000i\000g\000a\000s\000i\000\040\000\050\0006\0000\000.\0005\000\045\000\051}{subsection.4.3.2}% 133
\BOOKMARK [3][-]{subsubsection.4.3.2.2}{\376\377\0004\000.\0003\000.\0002\000.\0002\000\040\000F\000i\000t\000u\000r\000\040\000T\000e\000m\000p\000o\000r\000a\000l\000\040\000\050\0002\0005\000.\0004\000\045\000\051}{subsection.4.3.2}% 134
\BOOKMARK [3][-]{subsubsection.4.3.2.3}{\376\377\0004\000.\0003\000.\0002\000.\0003\000\040\000F\000i\000t\000u\000r\000\040\000P\000e\000r\000i\000l\000a\000k\000u\000\040\000P\000e\000n\000g\000e\000r\000j\000a\000a\000n\000\040\000\050\0001\0004\000.\0001\000\045\000\051}{subsection.4.3.2}% 135
\BOOKMARK [2][-]{subsection.4.3.3}{\376\377\0004\000.\0003\000.\0003\000\040\000A\000n\000a\000l\000i\000s\000i\000s\000\040\000K\000o\000r\000e\000l\000a\000s\000i\000\040\000A\000n\000t\000a\000r\000\040\000F\000i\000t\000u\000r}{section.4.3}% 136
\BOOKMARK [1][-]{section.4.4}{\376\377\0004\000.\0004\000\040\000H\000a\000s\000i\000l\000\040\000D\000e\000t\000e\000k\000s\000i\000\040\000p\000a\000d\000a\000\040\000D\000a\000t\000a\000\040\000R\000i\000i\000l}{chapter.4}% 137
\BOOKMARK [2][-]{subsection.4.4.1}{\376\377\0004\000.\0004\000.\0001\000\040\000S\000t\000a\000t\000i\000s\000t\000i\000k\000\040\000D\000e\000t\000e\000k\000s\000i\000\040\000K\000e\000s\000e\000l\000u\000r\000u\000h\000a\000n}{section.4.4}% 138
\BOOKMARK [2][-]{subsection.4.4.2}{\376\377\0004\000.\0004\000.\0002\000\040\000A\000n\000a\000l\000i\000s\000i\000s\000\040\000D\000i\000s\000t\000r\000i\000b\000u\000s\000i\000\040\000P\000r\000o\000b\000a\000b\000i\000l\000i\000t\000a\000s\000\040\000K\000e\000c\000u\000r\000a\000n\000g\000a\000n}{section.4.4}% 139
\BOOKMARK [2][-]{subsection.4.4.3}{\376\377\0004\000.\0004\000.\0003\000\040\000I\000d\000e\000n\000t\000i\000f\000i\000k\000a\000s\000i\000\040\000R\000e\000p\000e\000a\000t\000\040\000O\000f\000f\000e\000n\000d\000e\000r\000s}{section.4.4}% 140
\BOOKMARK [3][-]{subsubsection.4.4.3.1}{\376\377\0004\000.\0004\000.\0003\000.\0001\000\040\000A\000n\000a\000l\000i\000s\000i\000s\000\040\000P\000r\000o\000f\000i\000l\000\040\000P\000e\000n\000g\000g\000u\000n\000a\000\040\000T\000e\000r\000i\000n\000d\000i\000k\000a\000s\000i}{subsection.4.4.3}% 141
\BOOKMARK [3][-]{subsubsection.4.4.3.2}{\376\377\0004\000.\0004\000.\0003\000.\0002\000\040\000D\000i\000s\000t\000r\000i\000b\000u\000s\000i\000\040\000d\000a\000n\000\040\000K\000a\000r\000a\000k\000t\000e\000r\000i\000s\000t\000i\000k\000\040\000R\000e\000p\000e\000a\000t\000\040\000O\000f\000f\000e\000n\000d\000e\000r\000s}{subsection.4.4.3}% 142
\BOOKMARK [2][-]{subsection.4.4.4}{\376\377\0004\000.\0004\000.\0004\000\040\000A\000n\000a\000l\000i\000s\000i\000s\000\040\000U\000j\000i\000a\000n\000\040\000d\000e\000n\000g\000a\000n\000\040\000T\000i\000n\000g\000k\000a\000t\000\040\000K\000e\000c\000u\000r\000a\000n\000g\000a\000n\000\040\000T\000i\000n\000g\000g\000i}{section.4.4}% 143
\BOOKMARK [1][-]{section.4.5}{\376\377\0004\000.\0005\000\040\000P\000e\000r\000b\000a\000n\000d\000i\000n\000g\000a\000n\000\040\000d\000e\000n\000g\000a\000n\000\040\000B\000a\000s\000e\000l\000i\000n\000e}{chapter.4}% 144
\BOOKMARK [2][-]{subsection.4.5.1}{\376\377\0004\000.\0005\000.\0001\000\040\000P\000e\000r\000b\000a\000n\000d\000i\000n\000g\000a\000n\000\040\000D\000a\000t\000a\000s\000e\000t\000\040\0009\0000\000\040\000v\000s\000\040\0008\0000\0000\000\040\000S\000a\000m\000p\000e\000l}{section.4.5}% 145
\BOOKMARK [2][-]{subsection.4.5.2}{\376\377\0004\000.\0005\000.\0002\000\040\000D\000a\000m\000p\000a\000k\000\040\000U\000k\000u\000r\000a\000n\000\040\000D\000a\000t\000a\000s\000e\000t\000\040\000p\000a\000d\000a\000\040\000D\000e\000t\000e\000k\000s\000i\000\040\000D\000a\000t\000a\000\040\000R\000i\000i\000l}{section.4.5}% 146
\BOOKMARK [1][-]{section.4.6}{\376\377\0004\000.\0006\000\040\000P\000e\000r\000b\000a\000n\000d\000i\000n\000g\000a\000n\000\040\000d\000e\000n\000g\000a\000n\000\040\000P\000e\000n\000e\000l\000i\000t\000i\000a\000n\000\040\000T\000e\000r\000d\000a\000h\000u\000l\000u}{chapter.4}% 147
\BOOKMARK [1][-]{section.4.7}{\376\377\0004\000.\0007\000\040\000K\000e\000s\000i\000m\000p\000u\000l\000a\000n\000\040\000B\000a\000b}{chapter.4}% 148
\BOOKMARK [0][-]{chapter.5}{\376\377\0005\000\040\000[\000]\000K\000e\000s\000i\000m\000p\000u\000l\000a\000n}{}% 149
\BOOKMARK [1][-]{section.5.1}{\376\377\0005\000.\0001\000\040\000K\000e\000s\000i\000m\000p\000u\000l\000a\000n}{chapter.5}% 150
\BOOKMARK [1][-]{section.5.2}{\376\377\0005\000.\0002\000\040\000K\000e\000t\000e\000r\000k\000a\000i\000t\000a\000n\000\040\000d\000e\000n\000g\000a\000n\000\040\000T\000u\000j\000u\000a\000n\000\040\000d\000a\000n\000\040\000P\000e\000r\000t\000a\000n\000y\000a\000a\000n\000\040\000P\000e\000n\000e\000l\000i\000t\000i\000a\000n}{chapter.5}% 151
\BOOKMARK [1][-]{section.5.3}{\376\377\0005\000.\0003\000\040\000K\000e\000t\000e\000r\000b\000a\000t\000a\000s\000a\000n\000\040\000P\000e\000n\000e\000l\000i\000t\000i\000a\000n}{chapter.5}% 152
\BOOKMARK [1][-]{section.5.4}{\376\377\0005\000.\0004\000\040\000S\000a\000r\000a\000n}{chapter.5}% 153
\BOOKMARK [0][-]{chapter.6}{\376\377\0006\000\040\000[\000]\000P\000e\000n\000u\000t\000u\000p}{}% 154
\BOOKMARK [0][-]{section*.40}{\376\377\000D\000a\000f\000t\000a\000r\000\040\000R\000e\000f\000e\000r\000e\000n\000s\000i}{}% 155
\BOOKMARK [0][-]{section*.41}{\376\377\000D\000a\000f\000t\000a\000r\000\040\000I\000s\000t\000i\000l\000a\000h}{}% 156
